<?xml version="1.0" encoding="UTF-8"?>
<testsuite xmlns:xsi="http://www.w3.org/2001/XMLSchema-instance" xsi:noNamespaceSchemaLocation="https://maven.apache.org/surefire/maven-surefire-plugin/xsd/surefire-test-report.xsd" name="com.billing.discount.service.test.DiscountServiceTest" time="20.932" tests="13" errors="0" skipped="0" failures="0">
  <properties>
[...]
</properties>
  <testcase name="discountforAffiliateCustomer" classname="com.billing.discount.service.test.DiscountServiceTest" time="0.109"/>
  <testcase name="discountForEligibleCustomer" classname="com.billing.discount.service.test.DiscountServiceTest" time="0.016"/>
  <testcase name="testCustomerTypesValues" classname="com.billing.discount.service.test.DiscountServiceTest" time="0.015"/>
  <testcase name="discountForEmployeeCustomer" classname="com.billing.discount.service.test.DiscountServiceTest" time="0"/>
  <testcase name="getDiscountByCustomerType" classname="com.billing.discount.service.test.DiscountServiceTest" time="0.016"/>
  <testcase name="getGroceriedItemCost" classname="com.billing.discount.service.test.DiscountServiceTest" time="0"/>
  <testcase name="discountForNonEligibleCustomer" classname="com.billing.discount.service.test.DiscountServiceTest" time="0"/>
  <testcase name="getTotalAmountItems" classname="com.billing.discount.service.test.DiscountServiceTest" time="0.016"/>
  <testcase name="dataLoads" classname="com.billing.discount.service.test.DiscountServiceTest" time="0.047"/>
  <testcase name="isDiscountOnMembershipTrue" classname="com.billing.discount.service.test.DiscountServiceTest" time="0"/>
  <testcase name="isDiscountOnMembershipFalse" classname="com.billing.discount.service.test.DiscountServiceTest" time="0"/>
  <testcase name="discountForFinalAmount" classname="com.billing.discount.service.test.DiscountServiceTest" time="0"/>
  <testcase name="testItemCategory" classname="com.billing.discount.service.test.DiscountServiceTest" time="0"/>
</testsuite>