GROUP,PACKAGE,CLASS,INSTRUCTION_MISSED,INSTRUCTION_COVERED,BRANCH_MISSED,BRANCH_COVERED,LINE_MISSED,LINE_COVERED,COMPLEXITY_MISSED,COMPLEXITY_COVERED,METHOD_MISSED,METHOD_COVERED
nGage-Discount-System,com.billing.discount.constant,ItemCategory,0,58,0,0,0,2,0,4,0,4
nGage-Discount-System,com.billing.discount.constant,CustomerType,5,52,0,0,0,6,1,4,1,4
nGage-Discount-System,com.billing.discount.entity,Item,6,25,0,0,2,11,2,7,2,7
nGage-Discount-System,com.billing.discount.entity,Customer,29,24,0,0,13,9,8,3,8,3
nGage-Discount-System,com.billing.discount,DiscountApplication,5,3,0,0,2,1,1,1,1,1
nGage-Discount-System,com.billing.discount.service.impl,DiscountServiceImpl,0,117,2,12,0,20,2,15,0,10
